

*******************************************************************************
Mon Feb 24 11:54:27 2020


FIT:    data read from "si-elastic-data.txt" u 1:2
        format = x:z
        #datapoints = 21
        residuals are weighted equally (unit weight)

function used for fitting: f(x)
	f(x) = m*x + b
fitted parameters initialized with current variable values

iter      chisq       delta/lim  lambda   m             b            
   0 2.3269930350e+04   0.00e+00  1.00e+00    1.000000e+00   1.000000e+00
   6 1.0480022511e+00  -5.34e-09  1.00e-05   -7.118701e+02   7.468763e+02

After 6 iterations the fit converged.
final sum of squares of residuals : 1.048
rel. change during last iteration : -5.33923e-14

degrees of freedom    (FIT_NDF)                        : 19
rms of residuals      (FIT_STDFIT) = sqrt(WSSR/ndf)    : 0.234857
variance of residuals (reduced chisquare) = WSSR/ndf   : 0.055158

Final set of parameters            Asymptotic Standard Error
=======================            ==========================
m               = -711.87          +/- 8.464        (1.189%)
b               = 746.876          +/- 8.464        (1.133%)

correlation matrix of the fit parameters:
                m      b      
m               1.000 
b              -1.000  1.000 


*******************************************************************************
Mon Feb 24 11:54:55 2020


FIT:    data read from "si-elastic-data.txt" u 1:3
        format = x:z
        #datapoints = 21
        residuals are weighted equally (unit weight)

function used for fitting: f(x)
	f(x) = m*x + b
fitted parameters initialized with current variable values

iter      chisq       delta/lim  lambda   m             b            
   0 7.1471375377e+02   0.00e+00  7.30e+02   -7.118701e+02   7.468763e+02
   6 6.2769264069e-03  -1.86e-06  7.30e-04   -1.674532e+03   1.709306e+03

After 6 iterations the fit converged.
final sum of squares of residuals : 0.00627693
rel. change during last iteration : -1.85992e-11

degrees of freedom    (FIT_NDF)                        : 19
rms of residuals      (FIT_STDFIT) = sqrt(WSSR/ndf)    : 0.0181759
variance of residuals (reduced chisquare) = WSSR/ndf   : 0.000330365

Final set of parameters            Asymptotic Standard Error
=======================            ==========================
m               = -1674.53         +/- 0.655        (0.03912%)
b               = 1709.31          +/- 0.655        (0.03832%)

correlation matrix of the fit parameters:
                m      b      
m               1.000 
b              -1.000  1.000 


*******************************************************************************
Mon Feb 24 15:53:06 2020


FIT:    data read from "si-elastic-data.txt" u 1:2
        format = x:z
        #datapoints = 21
        residuals are weighted equally (unit weight)

function used for fitting: f(c)
	f(x) = m*x + b
fitted parameters initialized with current variable values



*******************************************************************************
Mon Feb 24 15:53:16 2020


FIT:    data read from "si-elastic-data.txt" u 1:2
        format = x:z
        #datapoints = 21
        residuals are weighted equally (unit weight)

function used for fitting: f(x)
	f(x) = m*x + b
fitted parameters initialized with current variable values

iter      chisq       delta/lim  lambda   m             b            
   0 2.3269930350e+04   0.00e+00  1.00e+00    1.000000e+00   1.000000e+00
   6 1.0480022511e+00  -5.34e-09  1.00e-05   -7.118701e+02   7.468763e+02

After 6 iterations the fit converged.
final sum of squares of residuals : 1.048
rel. change during last iteration : -5.33923e-14

degrees of freedom    (FIT_NDF)                        : 19
rms of residuals      (FIT_STDFIT) = sqrt(WSSR/ndf)    : 0.234857
variance of residuals (reduced chisquare) = WSSR/ndf   : 0.055158

Final set of parameters            Asymptotic Standard Error
=======================            ==========================
m               = -711.87          +/- 8.464        (1.189%)
b               = 746.876          +/- 8.464        (1.133%)

correlation matrix of the fit parameters:
                m      b      
m               1.000 
b              -1.000  1.000 


*******************************************************************************
Mon Feb 24 15:53:20 2020


FIT:    data read from "si-elastic-data.txt" u 1:3
        format = x:z
        #datapoints = 21
        residuals are weighted equally (unit weight)

function used for fitting: f(x)
	f(x) = m*x + b
fitted parameters initialized with current variable values

iter      chisq       delta/lim  lambda   m             b            
   0 7.1471375377e+02   0.00e+00  7.30e+02   -7.118701e+02   7.468763e+02
   6 6.2769264069e-03  -1.86e-06  7.30e-04   -1.674532e+03   1.709306e+03

After 6 iterations the fit converged.
final sum of squares of residuals : 0.00627693
rel. change during last iteration : -1.85992e-11

degrees of freedom    (FIT_NDF)                        : 19
rms of residuals      (FIT_STDFIT) = sqrt(WSSR/ndf)    : 0.0181759
variance of residuals (reduced chisquare) = WSSR/ndf   : 0.000330365

Final set of parameters            Asymptotic Standard Error
=======================            ==========================
m               = -1674.53         +/- 0.655        (0.03912%)
b               = 1709.31          +/- 0.655        (0.03832%)

correlation matrix of the fit parameters:
                m      b      
m               1.000 
b              -1.000  1.000 
